<?xml version="1.0" encoding="UTF-8"?>
<!-- Generated by org.testng.reporters.JUnitReportReporter -->
<testsuite skipped="0" hostname="DESKTOP-GK61F68" name="sample.Testcase2" tests="1" failures="0" timestamp="2020-12-22T14:20:33 IST" time="0.014" errors="0">
  <testcase name="tc2" time="0.014" classname="sample.Testcase2"/>
  <system-out/>
</testsuite> <!-- sample.Testcase2 -->
