<?xml version="1.0" encoding="UTF-8"?>
<!-- Generated by org.testng.reporters.JUnitReportReporter -->
<testsuite skipped="0" hostname="DESKTOP-GK61F68" name="sample.Testcase1" tests="1" failures="0" timestamp="2020-12-22T14:19:55 IST" time="0.026" errors="0">
  <testcase name="tc1" time="0.026" classname="sample.Testcase1"/>
  <system-out/>
</testsuite> <!-- sample.Testcase1 -->
